  Camera.cpp
  Shader.cpp
  main.cpp
d:\allspace\codespace\c++\myopengl\myopengl\main.cpp(140): warning C4244: “初始化”: 从“double”转换到“float”，可能丢失数据
d:\allspace\codespace\c++\myopengl\myopengl\main.cpp(151): warning C4244: “=”: 从“double”转换到“float”，可能丢失数据
d:\allspace\codespace\c++\myopengl\myopengl\main.cpp(152): warning C4244: “=”: 从“double”转换到“float”，可能丢失数据
d:\allspace\codespace\c++\myopengl\myopengl\main.cpp(157): warning C4244: “初始化”: 从“double”转换到“float”，可能丢失数据
d:\allspace\codespace\c++\myopengl\myopengl\main.cpp(158): warning C4244: “初始化”: 从“double”转换到“float”，可能丢失数据
d:\allspace\codespace\c++\myopengl\myopengl\main.cpp(160): warning C4244: “=”: 从“double”转换到“float”，可能丢失数据
d:\allspace\codespace\c++\myopengl\myopengl\main.cpp(161): warning C4244: “=”: 从“double”转换到“float”，可能丢失数据
  正在生成代码...
LINK : warning LNK4098: 默认库“MSVCRT”与其他库的使用冲突；请使用 /NODEFAULTLIB:library
LINK : warning LNK4098: 默认库“LIBCMT”与其他库的使用冲突；请使用 /NODEFAULTLIB:library
Shader.obj : warning LNK4049: 已导入本地定义的符号 ___glewAttachShader
Shader.obj : warning LNK4049: 已导入本地定义的符号 ___glewCompileShader
Shader.obj : warning LNK4049: 已导入本地定义的符号 ___glewCreateProgram
Shader.obj : warning LNK4049: 已导入本地定义的符号 ___glewCreateShader
Shader.obj : warning LNK4049: 已导入本地定义的符号 ___glewDeleteShader
Shader.obj : warning LNK4049: 已导入本地定义的符号 ___glewGetProgramInfoLog
Shader.obj : warning LNK4049: 已导入本地定义的符号 ___glewGetProgramiv
Shader.obj : warning LNK4049: 已导入本地定义的符号 ___glewGetShaderInfoLog
Shader.obj : warning LNK4049: 已导入本地定义的符号 ___glewGetShaderiv
Shader.obj : warning LNK4049: 已导入本地定义的符号 ___glewLinkProgram
Shader.obj : warning LNK4049: 已导入本地定义的符号 ___glewShaderSource
Shader.obj : warning LNK4049: 已导入本地定义的符号 ___glewUseProgram
glew32s.lib(glew.obj) : warning LNK4099: 未找到 PDB“vc120.pdb”(使用“glew32s.lib(glew.obj)”或在“D:\AllSpace\CodeSpace\C++\MyOpenGL\Debug\vc120.pdb”中寻找)；正在链接对象，如同没有调试信息一样
  MyOpenGL.vcxproj -> D:\AllSpace\CodeSpace\C++\MyOpenGL\Debug\MyOpenGL.exe
